Copyright 1986-2019 Xilinx, Inc. All Rights Reserved.
---------------------------------------------------------------------------------------
| Tool Version : Vivado v.2019.2 (win64) Build 2708876 Wed Nov  6 21:40:23 MST 2019
| Date         : Thu Sep 14 00:32:43 2023
| Host         : DESKTOP-HO8LIVS running 64-bit major release  (build 9200)
| Command      : report_control_sets -verbose -file CYBERcobra_control_sets_placed.rpt
| Design       : CYBERcobra
| Device       : xc7a100t
---------------------------------------------------------------------------------------

Control Set Information

Table of Contents
-----------------
1. Summary
2. Histogram
3. Flip-Flop Distribution
4. Detailed Control Set Information

1. Summary
----------

+----------------------------------------------------------+-------+
|                          Status                          | Count |
+----------------------------------------------------------+-------+
| Total control sets                                       |     4 |
|    Minimum number of control sets                        |     4 |
|    Addition due to synthesis replication                 |     0 |
|    Addition due to physical synthesis replication        |     0 |
| Unused register locations in slices containing registers |     2 |
+----------------------------------------------------------+-------+
* Control sets can be merged at opt_design using control_set_merge or merge_equivalent_drivers
** Run report_qor_suggestions for automated merging and remapping suggestions


2. Histogram
------------

+--------------------+-------+
|       Fanout       | Count |
+--------------------+-------+
| Total control sets |     4 |
| >= 0 to < 4        |     0 |
| >= 4 to < 6        |     0 |
| >= 6 to < 8        |     0 |
| >= 8 to < 10       |     0 |
| >= 10 to < 12      |     0 |
| >= 12 to < 14      |     0 |
| >= 14 to < 16      |     0 |
| >= 16              |     4 |
+--------------------+-------+
* Control sets can be remapped at either synth_design or opt_design


3. Flip-Flop Distribution
-------------------------

+--------------+-----------------------+------------------------+-----------------+--------------+
| Clock Enable | Synchronous Set/Reset | Asynchronous Set/Reset | Total Registers | Total Slices |
+--------------+-----------------------+------------------------+-----------------+--------------+
| No           | No                    | No                     |               0 |            0 |
| No           | No                    | Yes                    |               0 |            0 |
| No           | Yes                   | No                     |              30 |           12 |
| Yes          | No                    | No                     |              96 |           46 |
| Yes          | No                    | Yes                    |               0 |            0 |
| Yes          | Yes                   | No                     |               0 |            0 |
+--------------+-----------------------+------------------------+-----------------+--------------+


4. Detailed Control Set Information
-----------------------------------

+------------------+---------------------------------------+------------------+------------------+----------------+
|   Clock Signal   |             Enable Signal             | Set/Reset Signal | Slice Load Count | Bel Load Count |
+------------------+---------------------------------------+------------------+------------------+----------------+
|  clk_i_IBUF_BUFG |                                       | rst_i_IBUF       |               12 |             30 |
|  clk_i_IBUF_BUFG | program_counter_inst/E[0]             |                  |               18 |             32 |
|  clk_i_IBUF_BUFG | program_counter_inst/pc_o_reg[2]_1[0] |                  |               17 |             32 |
|  clk_i_IBUF_BUFG | program_counter_inst/pc_o_reg[2]_0[0] |                  |               11 |             32 |
+------------------+---------------------------------------+------------------+------------------+----------------+


